<?xml version="1.0" encoding="UTF-8"?>
<!-- Generated by org.testng.reporters.JUnitReportReporter -->
<testsuite hostname="DESKTOP-9JIKR0I" failures="0" tests="1" name="LibraryAPi2" time="3.029" errors="0" timestamp="2021-02-17T18:58:11 CST" skipped="0">
  <testcase classname="LibraryAPi2" name="addbookdd" time="3.029"/>
  <system-out/>
</testsuite> <!-- LibraryAPi2 -->
