<?xml version="1.0" encoding="UTF-8"?>
<!-- Generated by org.testng.reporters.JUnitReportReporter -->
<testsuite hostname="DESKTOP-9JIKR0I" failures="0" tests="1" name="NestedJsonTestNg" time="1.240" errors="0" timestamp="2021-02-16T16:54:04 CST" skipped="0">
  <testcase classname="NestedJsonTestNg" name="NestedJsonTestNg" time="1.240"/>
  <system-out/>
</testsuite> <!-- NestedJsonTestNg -->
