<?xml version="1.0" encoding="UTF-8"?>
<!-- Generated by org.testng.reporters.JUnitReportReporter -->
<testsuite hostname="DESKTOP-9JIKR0I" failures="0" tests="2" name="pojo2.EmployeeSerialDeserial" time="0.305" errors="0" timestamp="2021-03-14T18:38:27 CDT" skipped="0">
  <testcase classname="pojo2.EmployeeSerialDeserial" name="EmpSerialMethod" time="0.270"/>
  <system-out/>
  <testcase classname="pojo2.EmployeeSerialDeserial" name="EmpDeSerialMethod" time="0.035"/>
  <system-out/>
</testsuite> <!-- pojo2.EmployeeSerialDeserial -->
