<?xml version="1.0" encoding="UTF-8"?>
<!-- Generated by org.testng.reporters.JUnitReportReporter -->
<testsuite hostname="DESKTOP-9JIKR0I" failures="0" tests="3" name="LibraryAPI" time="3.637" errors="0" timestamp="2021-02-17T18:55:29 CST" skipped="0">
  <testcase classname="LibraryAPI" name="addbook" time="2.427"/>
  <system-out/>
  <testcase classname="LibraryAPI" name="addbook" time="0.599"/>
  <system-out/>
  <testcase classname="LibraryAPI" name="addbook" time="0.611"/>
  <system-out/>
</testsuite> <!-- LibraryAPI -->
