<?xml version="1.0" encoding="UTF-8"?>
<!-- Generated by org.testng.reporters.JUnitReportReporter -->
<testsuite hostname="DESKTOP-9JIKR0I" failures="0" tests="1" name="Pojo3.AddplaceUsingPojo" time="4.194" errors="0" timestamp="2021-03-16T19:54:19 CDT" skipped="0">
  <testcase classname="Pojo3.AddplaceUsingPojo" name="AddPlace" time="4.194"/>
  <system-out/>
</testsuite> <!-- Pojo3.AddplaceUsingPojo -->
