<?xml version="1.0" encoding="UTF-8"?>
<!-- Generated by org.testng.reporters.JUnitReportReporter -->
<testsuite hostname="DESKTOP-9JIKR0I" failures="0" tests="1" name="Pojo3.AddApi" time="2.708" errors="0" timestamp="2021-03-16T17:15:36 CDT" skipped="0">
  <testcase classname="Pojo3.AddApi" name="AddPlace" time="2.708"/>
  <system-out/>
</testsuite> <!-- Pojo3.AddApi -->
